E:\PROJECT\RUN---EAT\DEBUG\DATATBL.OBJ
E:\PROJECT\RUN---EAT\DEBUG\ENDING.OBJ
E:\PROJECT\RUN---EAT\DEBUG\GAMEMAIN.OBJ
E:\PROJECT\RUN---EAT\DEBUG\HELP.OBJ
E:\PROJECT\RUN---EAT\DEBUG\TITLE.OBJ
E:\PROJECT\RUN---EAT\DEBUG\CI-LIB.OBJ
E:\PROJECT\RUN---EAT\DEBUG\MASTER.OBJ
E:\PROJECT\RUN---EAT\DEBUG\VC110.PDB
E:\PROJECT\RUN---EAT\DEBUG\GAMECLUB.ILK
E:\PROJECT\RUN---EAT\DEBUG\GAMECLUB.EXE
E:\PROJECT\RUN---EAT\DEBUG\GAMECLUB.PDB
E:\PROJECT\RUN---EAT\DEBUG\GAMECLUB.RES
E:\Project\Run---Eat\Debug\Ci-Lib.obj
E:\Project\Run---Eat\Debug\DataTbl.obj
E:\Project\Run---Eat\Debug\Ending.obj
E:\Project\Run---Eat\Debug\GameMain.obj
E:\Project\Run---Eat\Debug\Help.obj
E:\Project\Run---Eat\Debug\Master.obj
E:\Project\Run---Eat\Debug\Title.obj
E:\Project\Run---Eat\Debug\GameClub.ilk
E:\Project\Run---Eat\Debug\cl.command.1.tlog
E:\Project\Run---Eat\Debug\CL.read.1.tlog
E:\Project\Run---Eat\Debug\CL.write.1.tlog
E:\Project\Run---Eat\Debug\link-cvtres.read.1.tlog
E:\Project\Run---Eat\Debug\link-cvtres.write.1.tlog
E:\Project\Run---Eat\Debug\link-rc.read.1.tlog
E:\Project\Run---Eat\Debug\link-rc.write.1.tlog
E:\Project\Run---Eat\Debug\link.command.1.tlog
E:\Project\Run---Eat\Debug\link.read.1.tlog
E:\Project\Run---Eat\Debug\link.write.1.tlog
E:\Project\Run---Eat\Debug\rc.command.1.tlog
E:\Project\Run---Eat\Debug\rc.read.1.tlog
E:\Project\Run---Eat\Debug\rc.write.1.tlog
E:\Project\Run---Eat\Debug\GameClub.res
E:\Project\Run---Eat\Debug\vc110.idb
E:\Project\Run---Eat\Debug\GameClub.pdb
E:\Project\Run---Eat\Debug\vc110.pdb
E:\Project\Run---Eat\Debug\GameClub.exe
