生成启动时间为 2012/10/18 1:16:34。
     1>项目“E:\Project\Run---Eat\GameClub.vcxproj”在节点 2 上(Rebuild 个目标)。
     1>ClCompile:
         D:\Program Files (x86)\Microsoft Visual Studio 11.0\VC\bin\CL.exe /c /ZI /nologo /W3 /WX- /Od /Oy- /D WIN32 /D _DEBUG /D _WINDOWS /D _VC80_UPGRADE=0x0710 /Gm /EHsc /RTC1 /MTd /GS /fp:precise /Zc:wchar_t /Zc:forScope /Fo"Debug\\" /Fd"Debug\vc110.pdb" /Gd /TP /analyze- /errorReport:prompt Src\DataTbl.cpp SRC\Ending.cpp Src\GameMain.cpp SRC\Help.cpp SRC\Title.cpp "Src\Master\Ci-Lib.CPP" Src\Master\Master.CPP
         Master.CPP
         Ci-Lib.CPP
     1>e:\project\run---eat\include\dmerror.h(12): warning C4005: “FACILITY_DIRECTMUSIC”: 宏重定义
                 c:\program files (x86)\windows kits\8.0\include\shared\winerror.h(157) : 参见“FACILITY_DIRECTMUSIC”的前一个定义
         Title.cpp
         Help.cpp
         GameMain.cpp
         Ending.cpp
         DataTbl.cpp
     1>e:\project\run---eat\src\datatbl.cpp(66): warning C4566: 由通用字符名称“\uFF8E”表示的字符不能在当前代码页(936)中表示出来
     1>e:\project\run---eat\src\datatbl.cpp(66): warning C4566: 由通用字符名称“\uFF9F”表示的字符不能在当前代码页(936)中表示出来
     1>e:\project\run---eat\src\datatbl.cpp(66): warning C4566: 由通用字符名称“\uFF6F”表示的字符不能在当前代码页(936)中表示出来
     1>e:\project\run---eat\src\datatbl.cpp(66): warning C4566: 由通用字符名称“\uFF8C”表示的字符不能在当前代码页(936)中表示出来
     1>e:\project\run---eat\src\datatbl.cpp(69): warning C4566: 由通用字符名称“\uFF7A”表示的字符不能在当前代码页(936)中表示出来
     1>e:\project\run---eat\src\datatbl.cpp(69): warning C4566: 由通用字符名称“\uFF9E”表示的字符不能在当前代码页(936)中表示出来
     1>e:\project\run---eat\src\datatbl.cpp(69): warning C4566: 由通用字符名称“\uFF7C”表示的字符不能在当前代码页(936)中表示出来
     1>e:\project\run---eat\src\datatbl.cpp(69): warning C4566: 由通用字符名称“\uFF6F”表示的字符不能在当前代码页(936)中表示出来
     1>e:\project\run---eat\src\datatbl.cpp(69): warning C4566: 由通用字符名称“\uFF78”表示的字符不能在当前代码页(936)中表示出来
     1>e:\project\run---eat\src\datatbl.cpp(75): warning C4566: 由通用字符名称“\uFF7A”表示的字符不能在当前代码页(936)中表示出来
     1>e:\project\run---eat\src\datatbl.cpp(75): warning C4566: 由通用字符名称“\uFF9E”表示的字符不能在当前代码页(936)中表示出来
     1>e:\project\run---eat\src\datatbl.cpp(75): warning C4566: 由通用字符名称“\uFF7C”表示的字符不能在当前代码页(936)中表示出来
     1>e:\project\run---eat\src\datatbl.cpp(75): warning C4566: 由通用字符名称“\uFF6F”表示的字符不能在当前代码页(936)中表示出来
     1>e:\project\run---eat\src\datatbl.cpp(75): warning C4566: 由通用字符名称“\uFF78”表示的字符不能在当前代码页(936)中表示出来
         正在生成代码...
       ResourceCompile:
         C:\Program Files (x86)\Windows Kits\8.0\bin\x86\rc.exe /D _VC80_UPGRADE=0x0710 /l"0x0409" /nologo /fo"Debug\GameClub.res" Src\Master\GameClub.rc 
       Link:
         D:\Program Files (x86)\Microsoft Visual Studio 11.0\VC\bin\link.exe /ERRORREPORT:PROMPT /OUT:"Debug\GameClub.exe" /INCREMENTAL /NOLOGO kernel32.lib user32.lib gdi32.lib winspool.lib comdlg32.lib advapi32.lib shell32.lib ole32.lib oleaut32.lib uuid.lib odbc32.lib odbccp32.lib /MANIFEST /MANIFESTUAC:"level='asInvoker' uiAccess='false'" /manifest:embed /DEBUG /PDB:"Debug\GameClub.pdb" /SUBSYSTEM:WINDOWS /TLBID:1 /DYNAMICBASE /NXCOMPAT /IMPLIB:"Debug\GameClub.lib" /MACHINE:X86 /SAFESEH Debug\GameClub.res
         Debug\DataTbl.obj
         Debug\Ending.obj
         Debug\GameMain.obj
         Debug\Help.obj
         Debug\Title.obj
         "Debug\Ci-Lib.obj"
         Debug\Master.obj
     1>DataTbl.obj : warning LNK4075: 忽略“/EDITANDCONTINUE”(由于“/SAFESEH”规范)
         GameClub.vcxproj -> E:\Project\Run---Eat\Debug\GameClub.exe
     1>已完成生成项目“E:\Project\Run---Eat\GameClub.vcxproj”(Rebuild 个目标)的操作。

生成成功。

已用时间 00:00:24.43
