E:\PROJECT\RUN---EAT\RELEASE\MASTER.OBJ
E:\PROJECT\RUN---EAT\RELEASE\CI-LIB.OBJ
E:\PROJECT\RUN---EAT\RELEASE\TITLE.OBJ
E:\PROJECT\RUN---EAT\RELEASE\HELP.OBJ
E:\PROJECT\RUN---EAT\RELEASE\GAMEMAIN.OBJ
E:\PROJECT\RUN---EAT\RELEASE\ENDING.OBJ
E:\PROJECT\RUN---EAT\RELEASE\DATATBL.OBJ
E:\PROJECT\RUN---EAT\RELEASE\VC110.PDB
E:\PROJECT\RUN---EAT\RELEASE\GAMEPROJECT.EXE
E:\PROJECT\RUN---EAT\RELEASE\GAMEPROJECT.RES
E:\Project\Run---Eat\Release\Ci-Lib.obj
E:\Project\Run---Eat\Release\DataTbl.obj
E:\Project\Run---Eat\Release\Ending.obj
E:\Project\Run---Eat\Release\GameMain.obj
E:\Project\Run---Eat\Release\Help.obj
E:\Project\Run---Eat\Release\Master.obj
E:\Project\Run---Eat\Release\Title.obj
E:\Project\Run---Eat\Release\GameProject.pgd
E:\Project\Run---Eat\Release\cl.command.1.tlog
E:\Project\Run---Eat\Release\CL.read.1.tlog
E:\Project\Run---Eat\Release\CL.write.1.tlog
E:\Project\Run---Eat\Release\link-cvtres.read.1.tlog
E:\Project\Run---Eat\Release\link-cvtres.write.1.tlog
E:\Project\Run---Eat\Release\link-pgocvt.read.1.tlog
E:\Project\Run---Eat\Release\link-pgocvt.write.1.tlog
E:\Project\Run---Eat\Release\link-rc.read.1.tlog
E:\Project\Run---Eat\Release\link-rc.write.1.tlog
E:\Project\Run---Eat\Release\link.command.1.tlog
E:\Project\Run---Eat\Release\link.read.1.tlog
E:\Project\Run---Eat\Release\link.write.1.tlog
E:\Project\Run---Eat\Release\rc.command.1.tlog
E:\Project\Run---Eat\Release\rc.read.1.tlog
E:\Project\Run---Eat\Release\rc.write.1.tlog
E:\Project\Run---Eat\Release\GameProject.res
E:\Project\Run---Eat\Release\GameProject.exe
